<?xml version="1.0" encoding="UTF-8"?>
<testng-results ignored="0" total="0" passed="0" failed="0" skipped="0">
  <reporter-output>
  </reporter-output>
  <suite started-at="2026-04-17T23:09:49 IST" name="BDD Cucumber Suite" finished-at="2026-04-17T23:09:49 IST" duration-ms="642">
    <groups>
      <group name="cucumber">
        <method signature="AbstractTestNGCucumberTests.runScenario(io.cucumber.testng.PickleWrapper,io.cucumber.testng.FeatureWrapper)[pri:0, instance:com.bddcucumberframework.runner.TestRunner@313ac989]" name="runScenario" class="io.cucumber.testng.AbstractTestNGCucumberTests"/>
      </group> <!-- cucumber -->
    </groups>
    <test started-at="2026-04-17T23:09:49 IST" name="Cucumber Tests" finished-at="2026-04-17T23:09:49 IST" duration-ms="642">
      <class name="com.bddcucumberframework.runner.TestRunner">
        <test-method is-config="true" signature="setUpClass(org.testng.ITestContext)[pri:0, instance:com.bddcucumberframework.runner.TestRunner@313ac989]" started-at="2026-04-17T23:09:49 IST" name="setUpClass" finished-at="2026-04-17T23:09:49 IST" duration-ms="580" status="PASS">
          <params>
            <param index="0">
              <value>
                <![CDATA[org.testng.TestRunner@5bda8e08]]>
              </value>
            </param>
          </params>
          <reporter-output>
          </reporter-output>
        </test-method> <!-- setUpClass -->
        <test-method is-config="true" signature="tearDownClass()[pri:0, instance:com.bddcucumberframework.runner.TestRunner@313ac989]" started-at="2026-04-17T23:09:49 IST" name="tearDownClass" finished-at="2026-04-17T23:09:49 IST" duration-ms="35" status="PASS">
          <reporter-output>
          </reporter-output>
        </test-method> <!-- tearDownClass -->
      </class> <!-- com.bddcucumberframework.runner.TestRunner -->
    </test> <!-- Cucumber Tests -->
  </suite> <!-- BDD Cucumber Suite -->
</testng-results>
