<?xml version="1.0" encoding="UTF-8"?>
<testsuite xmlns:xsi="http://www.w3.org/2001/XMLSchema-instance" xsi:noNamespaceSchemaLocation="https://maven.apache.org/surefire/maven-surefire-plugin/xsd/surefire-test-report-3.0.xsd" version="3.0" name="com.bddcucumberframework.runner.TestRunner" time="20.12" tests="4" errors="0" skipped="0" failures="0">
  <properties>
[...]
</properties>
  <testcase name="runScenario[&quot;Verify a welcome message&quot;, &quot;Application greeting&quot;](1)" classname="com.bddcucumberframework.runner.TestRunner" time="1.558">
    <system-out><![CDATA[
@team
Scenario: Launch Myntra and verify title and text      # src/test/resources/features/ui.feature:4

@team
Scenario: Verify an API endpoint returns expected data                                                          # src/test/resources/features/api.feature:3

@team
Scenario: Verify a welcome message                  # src/test/resources/features/sample.feature:4

@team
Scenario: Launch Ministry of Testing and verify title and text # src/test/resources/features/ui.feature:11
  âœ” Given the application is available              # com.bddcucumberframework.stepdefinitions.StepDefinitions.the_application_is_available()
  âœ” Given the API base URI is "https://jsonplaceholder.typicode.com"                                            # com.bddcucumberframework.stepdefinitions.ApiStepDefinitions.the_api_base_uri_is(java.lang.String)
  âœ” When I request a welcome message                # com.bddcucumberframework.stepdefinitions.StepDefinitions.i_request_a_welcome_message()
  âœ” Then I should receive "Hello from BDD Cucumber" # com.bddcucumberframework.stepdefinitions.StepDefinitions.i_should_receive(java.lang.String)
]]></system-out>
    <system-err><![CDATA[SLF4J: Failed to load class "org.slf4j.impl.StaticLoggerBinder".
SLF4J: Defaulting to no-operation (NOP) logger implementation
SLF4J: See http://www.slf4j.org/codes.html#StaticLoggerBinder for further details.
]]></system-err>
  </testcase>
  <testcase name="runScenario[&quot;Verify an API endpoint returns expected data&quot;, &quot;API Automation&quot;](2)" classname="com.bddcucumberframework.runner.TestRunner" time="6.583">
    <system-out><![CDATA[01:53:55.983 [TestNG-PoolService-3] INFO  com.bddcucumberframework.utils.LoggerHelper - Launching MinistryofTesting homepage
01:53:55.983 [TestNG-PoolService-2] INFO  com.bddcucumberframework.utils.LoggerHelper - Launching Myntra homepage
01:53:56.028 [TestNG-PoolService-3] INFO  com.bddcucumberframework.utils.LoggerHelper - Initializing ChromeDriver with Selenium Manager...
01:53:56.028 [TestNG-PoolService-2] INFO  com.bddcucumberframework.utils.LoggerHelper - Initializing ChromeDriver with Selenium Manager...
  âœ” When the client requests "/posts/1"                                                                         # com.bddcucumberframework.stepdefinitions.ApiStepDefinitions.the_client_requests(java.lang.String)
01:54:00.209 [TestNG-PoolService-0] INFO  com.bddcucumberframework.utils.LoggerHelper - Verifying status code: expected=200 actual=200
  âœ” Then the response status should be 200                                                                      # com.bddcucumberframework.stepdefinitions.ApiStepDefinitions.the_response_status_should_be(int)
01:54:00.280 [TestNG-PoolService-0] INFO  com.bddcucumberframework.utils.LoggerHelper - Verifying response body contains text.
  âœ” And the response body contains "sunt aut facere repellat provident occaecati excepturi optio reprehenderit" # com.bddcucumberframework.stepdefinitions.ApiStepDefinitions.the_response_body_contains(java.lang.String)
01:54:00.283 [TestNG-PoolService-0] INFO  com.bddcucumberframework.utils.LoggerHelper - Browser session cleared.
]]></system-out>
  </testcase>
  <testcase name="runScenario[&quot;Launch Ministry of Testing and verify title and text&quot;, &quot;UI Verification&quot;](3)" classname="com.bddcucumberframework.runner.TestRunner" time="16.841">
    <system-out><![CDATA[01:54:04.106 [TestNG-PoolService-3] INFO  com.bddcucumberframework.utils.LoggerHelper - ChromeDriver initialized successfully
01:54:04.106 [TestNG-PoolService-2] INFO  com.bddcucumberframework.utils.LoggerHelper - ChromeDriver initialized successfully
01:54:04.150 [TestNG-PoolService-2] INFO  com.bddcucumberframework.utils.LoggerHelper - Opening URL: https://www.myntra.com
01:54:04.150 [TestNG-PoolService-3] INFO  com.bddcucumberframework.utils.LoggerHelper - Opening URL: https://club.ministryoftesting.com/
01:54:07.435 [TestNG-PoolService-2] INFO  com.bddcucumberframework.utils.LoggerHelper - Page title after navigation: Online Shopping for Women, Men, Kids Fashion & Lifestyle - Myntra
01:54:09.095 [TestNG-PoolService-3] INFO  com.bddcucumberframework.utils.LoggerHelper - Page title after navigation: The Club: Software Testing & Quality Engineering Community Forum | Ministry of Testing - The Club
  âœ” Given the user opens Ministry of Testing                   # com.bddcucumberframework.stepdefinitions.UiStepDefinitions.the_user_opens_MinistryofTesting()
01:54:09.226 [TestNG-PoolService-3] INFO  com.bddcucumberframework.utils.LoggerHelper - Verifying page title contains 'Ministry of Testing', actual title='The Club: Software Testing & Quality Engineering Community Forum | Ministry of Testing - The Club'
  âœ” Then the page title should contain "Ministry of Testing"   # com.bddcucumberframework.stepdefinitions.UiStepDefinitions.the_page_title_should_contain(java.lang.String)
01:54:09.230 [TestNG-PoolService-3] INFO  com.bddcucumberframework.utils.LoggerHelper - Verifying page contains text 'Welcome'.
  âœ” Given the user opens Myntra                        # com.bddcucumberframework.stepdefinitions.UiStepDefinitions.the_user_opens_myntra()
01:54:09.482 [TestNG-PoolService-2] INFO  com.bddcucumberframework.utils.LoggerHelper - Verifying page title contains 'Myntra', actual title='Online Shopping for Women, Men, Kids Fashion & Lifestyle - Myntra'
  âœ” Then the page title should contain "Myntra"        # com.bddcucumberframework.stepdefinitions.UiStepDefinitions.the_page_title_should_contain(java.lang.String)
01:54:09.492 [TestNG-PoolService-2] INFO  com.bddcucumberframework.utils.LoggerHelper - Verifying page contains text 'Online shopping'.
  âœ” And the page should display text "Welcome"                 # com.bddcucumberframework.stepdefinitions.UiStepDefinitions.the_page_should_display_text(java.lang.String)
01:54:09.773 [TestNG-PoolService-3] INFO  com.bddcucumberframework.utils.LoggerHelper - Closing browser window
  âœ” And the page should display text "Online shopping" # com.bddcucumberframework.stepdefinitions.UiStepDefinitions.the_page_should_display_text(java.lang.String)
01:54:10.318 [TestNG-PoolService-2] INFO  com.bddcucumberframework.utils.LoggerHelper - Closing browser window
01:54:10.543 [TestNG-PoolService-3] INFO  com.bddcucumberframework.utils.LoggerHelper - Browser session cleared.
  âœ” And the browser is closed                                  # com.bddcucumberframework.stepdefinitions.UiStepDefinitions.the_browser_is_closed()
01:54:10.545 [TestNG-PoolService-3] INFO  com.bddcucumberframework.utils.LoggerHelper - Browser session cleared.
]]></system-out>
    <system-err><![CDATA[Apr 18, 2026 1:54:04 AM org.openqa.selenium.devtools.CdpVersionFinder findNearestMatch
WARNING: Unable to find CDP implementation matching 147
Apr 18, 2026 1:54:04 AM org.openqa.selenium.devtools.CdpVersionFinder findNearestMatch
WARNING: Unable to find CDP implementation matching 147
Apr 18, 2026 1:54:04 AM org.openqa.selenium.chromium.ChromiumDriver lambda$new$5
WARNING: Unable to find version of CDP to use for 147.0.7727.56. You may need to include a dependency on a specific version of the CDP using something similar to `org.seleniumhq.selenium:selenium-devtools-v86:4.12.1` where the version ("v86") matches the version of the chromium-based browser you're using and the version number of the artifact is the same as Selenium's.
Apr 18, 2026 1:54:04 AM org.openqa.selenium.chromium.ChromiumDriver lambda$new$5
WARNING: Unable to find version of CDP to use for 147.0.7727.56. You may need to include a dependency on a specific version of the CDP using something similar to `org.seleniumhq.selenium:selenium-devtools-v86:4.12.1` where the version ("v86") matches the version of the chromium-based browser you're using and the version number of the artifact is the same as Selenium's.
]]></system-err>
  </testcase>
  <testcase name="runScenario[&quot;Launch Myntra and verify title and text&quot;, &quot;UI Verification&quot;](4)" classname="com.bddcucumberframework.runner.TestRunner" time="17.024">
    <system-out><![CDATA[01:54:10.725 [TestNG-PoolService-2] INFO  com.bddcucumberframework.utils.LoggerHelper - Browser session cleared.
  âœ” And the browser is closed                          # com.bddcucumberframework.stepdefinitions.UiStepDefinitions.the_browser_is_closed()
01:54:10.726 [TestNG-PoolService-2] INFO  com.bddcucumberframework.utils.LoggerHelper - Browser session cleared.
]]></system-out>
  </testcase>
</testsuite>