<?xml version="1.0" encoding="UTF-8"?>
<!-- Generated by org.testng.reporters.JUnitReportReporter -->
<testsuite hostname="Rehan" failures="0" tests="4" name="com.bddcucumberframework.runner.TestRunner" time="42.040" errors="0" timestamp="2026-04-18T01:54:11 IST" skipped="0">
  <testcase classname="com.bddcucumberframework.runner.TestRunner" name="runScenario" time="1.555"/>
  <testcase classname="com.bddcucumberframework.runner.TestRunner" name="runScenario" time="16.857"/>
  <testcase classname="com.bddcucumberframework.runner.TestRunner" name="runScenario" time="17.035"/>
  <testcase classname="com.bddcucumberframework.runner.TestRunner" name="runScenario" time="6.593"/>
</testsuite> <!-- com.bddcucumberframework.runner.TestRunner -->
