<?xml version="1.0" encoding="UTF-8"?>
<!-- Generated by org.testng.reporters.JUnitReportReporter -->
<testsuite hostname="Rehan" failures="0" tests="4" name="com.bddcucumberframework.runner.TestRunner" time="20.817" errors="0" timestamp="2026-04-17T22:20:53 IST" skipped="0">
  <testcase classname="com.bddcucumberframework.runner.TestRunner" name="runScenario" time="0.618"/>
  <testcase classname="com.bddcucumberframework.runner.TestRunner" name="runScenario" time="8.834"/>
  <testcase classname="com.bddcucumberframework.runner.TestRunner" name="runScenario" time="2.569"/>
  <testcase classname="com.bddcucumberframework.runner.TestRunner" name="runScenario" time="8.796"/>
</testsuite> <!-- com.bddcucumberframework.runner.TestRunner -->
